# JRE version: Java(TM) SE Runtime Environment (8.0_231-b11) (build 1.8.0_231-b11)
# Java VM: Java HotSpot(TM) 64-Bit Server VM (25.231-b11 mixed mode windows-amd64 compressed oops)
Heap:
 PSYoungGen      total 300544K, used 46744K [0x000000076b800000, 0x0000000786f00000, 0x00000007c0000000)
  eden space 263168K, 17% used [0x000000076b800000,0x000000076e5a6350,0x000000077b900000)
  from space 37376K, 0% used [0x000000077b900000,0x000000077b900000,0x000000077dd80000)
  to   space 37888K, 0% used [0x0000000784a00000,0x0000000784a00000,0x0000000786f00000)
 ParOldGen       total 117248K, used 42357K [0x00000006c2800000, 0x00000006c9a80000, 0x000000076b800000)
  object space 117248K, 36% used [0x00000006c2800000,0x00000006c515d710,0x00000006c9a80000)
 Metaspace       used 48652K, capacity 49388K, committed 49920K, reserved 1099776K
  class space    used 5641K, capacity 5834K, committed 5888K, reserved 1048576K
GC Heap History (10 events):
Event: 8.280 GC heap before
{Heap before GC invocations=11 (full 1):
 PSYoungGen      total 163328K, used 157043K [0x000000076b800000, 0x000000077ae00000, 0x00000007c0000000)
  eden space 132096K, 100% used [0x000000076b800000,0x0000000773900000,0x0000000773900000)
  from space 31232K, 79% used [0x0000000773900000,0x000000077515cdc8,0x0000000775780000)
  to   space 33280K, 0% used [0x0000000778d80000,0x0000000778d80000,0x000000077ae00000)
 ParOldGen       total 117248K, used 45039K [0x00000006c2800000, 0x00000006c9a80000, 0x000000076b800000)
  object space 117248K, 38% used [0x00000006c2800000,0x00000006c53fbd80,0x00000006c9a80000)
 Metaspace       used 30273K, capacity 30906K, committed 31104K, reserved 1077248K
  class space    used 3476K, capacity 3657K, committed 3712K, reserved 1048576K
Event: 8.299 GC heap after
Heap after GC invocations=11 (full 1):
 PSYoungGen      total 217088K, used 25908K [0x000000076b800000, 0x000000077b380000, 0x00000007c0000000)
  eden space 183808K, 0% used [0x000000076b800000,0x000000076b800000,0x0000000776b80000)
  from space 33280K, 77% used [0x0000000778d80000,0x000000077a6cd330,0x000000077ae00000)
  to   space 34816K, 0% used [0x0000000776b80000,0x0000000776b80000,0x0000000778d80000)
 ParOldGen       total 117248K, used 48644K [0x00000006c2800000, 0x00000006c9a80000, 0x000000076b800000)
  object space 117248K, 41% used [0x00000006c2800000,0x00000006c5781340,0x00000006c9a80000)
 Metaspace       used 30273K, capacity 30906K, committed 31104K, reserved 1077248K
  class space    used 3476K, capacity 3657K, committed 3712K, reserved 1048576K
}
Event: 8.878 GC heap before
{Heap before GC invocations=12 (full 1):
 PSYoungGen      total 217088K, used 209716K [0x000000076b800000, 0x000000077b380000, 0x00000007c0000000)
  eden space 183808K, 100% used [0x000000076b800000,0x0000000776b80000,0x0000000776b80000)
  from space 33280K, 77% used [0x0000000778d80000,0x000000077a6cd330,0x000000077ae00000)
  to   space 34816K, 0% used [0x0000000776b80000,0x0000000776b80000,0x0000000778d80000)
 ParOldGen       total 117248K, used 48644K [0x00000006c2800000, 0x00000006c9a80000, 0x000000076b800000)
  object space 117248K, 41% used [0x00000006c2800000,0x00000006c5781340,0x00000006c9a80000)
 Metaspace       used 30290K, capacity 30906K, committed 31104K, reserved 1077248K
  class space    used 3478K, capacity 3657K, committed 3712K, reserved 1048576K
Event: 8.907 GC heap after
Heap after GC invocations=12 (full 1):
 PSYoungGen      total 218624K, used 29537K [0x000000076b800000, 0x0000000780200000, 0x00000007c0000000)
  eden space 183808K, 0% used [0x000000076b800000,0x000000076b800000,0x0000000776b80000)
  from space 34816K, 84% used [0x0000000776b80000,0x0000000778858588,0x0000000778d80000)
  to   space 37376K, 0% used [0x000000077dd80000,0x000000077dd80000,0x0000000780200000)
 ParOldGen       total 117248K, used 53430K [0x00000006c2800000, 0x00000006c9a80000, 0x000000076b800000)
  object space 117248K, 45% used [0x00000006c2800000,0x00000006c5c2da78,0x00000006c9a80000)
 Metaspace       used 30290K, capacity 30906K, committed 31104K, reserved 1077248K
  class space    used 3478K, capacity 3657K, committed 3712K, reserved 1048576K
}
Event: 9.375 GC heap before
{Heap before GC invocations=13 (full 1):
 PSYoungGen      total 218624K, used 213345K [0x000000076b800000, 0x0000000780200000, 0x00000007c0000000)
  eden space 183808K, 100% used [0x000000076b800000,0x0000000776b80000,0x0000000776b80000)
  from space 34816K, 84% used [0x0000000776b80000,0x0000000778858588,0x0000000778d80000)
  to   space 37376K, 0% used [0x000000077dd80000,0x000000077dd80000,0x0000000780200000)
 ParOldGen       total 117248K, used 53430K [0x00000006c2800000, 0x00000006c9a80000, 0x000000076b800000)
  object space 117248K, 45% used [0x00000006c2800000,0x00000006c5c2da78,0x00000006c9a80000)
 Metaspace       used 30295K, capacity 30970K, committed 31104K, reserved 1077248K
  class space    used 3478K, capacity 3657K, committed 3712K, reserved 1048576K
Event: 9.396 GC heap after
Heap after GC invocations=13 (full 1):
 PSYoungGen      total 299008K, used 28123K [0x000000076b800000, 0x0000000780580000, 0x00000007c0000000)
  eden space 261632K, 0% used [0x000000076b800000,0x000000076b800000,0x000000077b780000)
  from space 37376K, 75% used [0x000000077dd80000,0x000000077f8f6de0,0x0000000780200000)
  to   space 38912K, 0% used [0x000000077b780000,0x000000077b780000,0x000000077dd80000)
 ParOldGen       total 117248K, used 56681K [0x00000006c2800000, 0x00000006c9a80000, 0x000000076b800000)
  object space 117248K, 48% used [0x00000006c2800000,0x00000006c5f5a710,0x00000006c9a80000)
 Metaspace       used 30295K, capacity 30970K, committed 31104K, reserved 1077248K
  class space    used 3478K, capacity 3657K, committed 3712K, reserved 1048576K
}
Event: 9.590 GC heap before
{Heap before GC invocations=14 (full 1):
 PSYoungGen      total 299008K, used 98064K [0x000000076b800000, 0x0000000780580000, 0x00000007c0000000)
  eden space 261632K, 26% used [0x000000076b800000,0x000000076fc4d558,0x000000077b780000)
  from space 37376K, 75% used [0x000000077dd80000,0x000000077f8f6de0,0x0000000780200000)
  to   space 38912K, 0% used [0x000000077b780000,0x000000077b780000,0x000000077dd80000)
 ParOldGen       total 117248K, used 56681K [0x00000006c2800000, 0x00000006c9a80000, 0x000000076b800000)
  object space 117248K, 48% used [0x00000006c2800000,0x00000006c5f5a710,0x00000006c9a80000)
 Metaspace       used 31172K, capacity 31842K, committed 32000K, reserved 1081344K
  class space    used 3567K, capacity 3757K, committed 3840K, reserved 1048576K
Event: 9.595 GC heap after
Heap after GC invocations=14 (full 1):
 PSYoungGen      total 300544K, used 7625K [0x000000076b800000, 0x0000000780580000, 0x00000007c0000000)
  eden space 261632K, 0% used [0x000000076b800000,0x000000076b800000,0x000000077b780000)
  from space 38912K, 19% used [0x000000077b780000,0x000000077bef2578,0x000000077dd80000)
  to   space 37376K, 0% used [0x000000077dd80000,0x000000077dd80000,0x0000000780200000)
 ParOldGen       total 117248K, used 60369K [0x00000006c2800000, 0x00000006c9a80000, 0x000000076b800000)
  object space 117248K, 51% used [0x00000006c2800000,0x00000006c62f4650,0x00000006c9a80000)
 Metaspace       used 31172K, capacity 31842K, committed 32000K, reserved 1081344K
  class space    used 3567K, capacity 3757K, committed 3840K, reserved 1048576K
}
Event: 9.595 GC heap before
{Heap before GC invocations=15 (full 2):
 PSYoungGen      total 300544K, used 7625K [0x000000076b800000, 0x0000000780580000, 0x00000007c0000000)
  eden space 261632K, 0% used [0x000000076b800000,0x000000076b800000,0x000000077b780000)
  from space 38912K, 19% used [0x000000077b780000,0x000000077bef2578,0x000000077dd80000)
  to   space 37376K, 0% used [0x000000077dd80000,0x000000077dd80000,0x0000000780200000)
 ParOldGen       total 117248K, used 60369K [0x00000006c2800000, 0x00000006c9a80000, 0x000000076b800000)
  object space 117248K, 51% used [0x00000006c2800000,0x00000006c62f4650,0x00000006c9a80000)
 Metaspace       used 31172K, capacity 31842K, committed 32000K, reserved 1081344K
  class space    used 3567K, capacity 3757K, committed 3840K, reserved 1048576K
Event: 9.637 GC heap after
Heap after GC invocations=15 (full 2):
 PSYoungGen      total 300544K, used 0K [0x000000076b800000, 0x0000000780580000, 0x00000007c0000000)
  eden space 261632K, 0% used [0x000000076b800000,0x000000076b800000,0x000000077b780000)
  from space 38912K, 0% used [0x000000077b780000,0x000000077b780000,0x000000077dd80000)
  to   space 37376K, 0% used [0x000000077dd80000,0x000000077dd80000,0x0000000780200000)
 ParOldGen       total 117248K, used 40624K [0x00000006c2800000, 0x00000006c9a80000, 0x000000076b800000)
  object space 117248K, 34% used [0x00000006c2800000,0x00000006c4fac1c8,0x00000006c9a80000)
 Metaspace       used 31172K, capacity 31842K, committed 32000K, reserved 1079296K
  class space    used 3567K, capacity 3757K, committed 3840K, reserved 1048576K
}

